2021-Aug-27 13:51:50 PM [TestNG-PoolService-6] DEBUG stepdefs.Stepdefs - Each step hook is executed,screen shots taken
2021-Aug-27 13:51:50 PM [TestNG-PoolService-8] DEBUG stepdefs.Stepdefs - Each step hook is executed,screen shots taken
2021-Aug-27 13:51:50 PM [TestNG-PoolService-9] DEBUG stepdefs.Stepdefs - Each step hook is executed,screen shots taken
2021-Aug-27 13:51:50 PM [TestNG-PoolService-1] DEBUG stepdefs.Stepdefs - Each step hook is executed,screen shots taken
2021-Aug-27 13:51:50 PM [TestNG-PoolService-7] DEBUG stepdefs.Stepdefs - Each step hook is executed,screen shots taken
2021-Aug-27 13:51:50 PM [TestNG-PoolService-3] DEBUG stepdefs.Stepdefs - Each step hook is executed,screen shots taken
2021-Aug-27 13:51:50 PM [TestNG-PoolService-5] DEBUG stepdefs.Stepdefs - Each step hook is executed,screen shots taken
2021-Aug-27 13:51:50 PM [TestNG-PoolService-4] DEBUG stepdefs.Stepdefs - Each step hook is executed,screen shots taken
2021-Aug-27 13:51:50 PM [TestNG-PoolService-6] DEBUG stepdefs.Stepdefs - Each step hook is executed,screen shots taken
2021-Aug-27 13:51:50 PM [TestNG-PoolService-6] DEBUG stepdefs.Stepdefs - Each step hook is executed,screen shots taken
2021-Aug-27 13:51:50 PM [TestNG-PoolService-3] DEBUG stepdefs.Stepdefs - Each step hook is executed,screen shots taken
2021-Aug-27 13:51:50 PM [TestNG-PoolService-7] DEBUG stepdefs.Stepdefs - Each step hook is executed,screen shots taken
2021-Aug-27 13:51:50 PM [TestNG-PoolService-5] DEBUG stepdefs.Stepdefs - Each step hook is executed,screen shots taken
2021-Aug-27 13:51:50 PM [TestNG-PoolService-5] DEBUG stepdefs.Stepdefs - Each step hook is executed,screen shots taken
2021-Aug-27 13:51:50 PM [TestNG-PoolService-7] DEBUG stepdefs.Stepdefs - Each step hook is executed,screen shots taken
2021-Aug-27 13:51:50 PM [TestNG-PoolService-9] DEBUG stepdefs.Stepdefs - Each step hook is executed,screen shots taken
2021-Aug-27 13:51:50 PM [TestNG-PoolService-9] DEBUG stepdefs.Stepdefs - Each step hook is executed,screen shots taken
2021-Aug-27 13:51:50 PM [TestNG-PoolService-1] DEBUG stepdefs.Stepdefs - Each step hook is executed,screen shots taken
2021-Aug-27 13:51:50 PM [TestNG-PoolService-4] DEBUG stepdefs.Stepdefs - Each step hook is executed,screen shots taken
2021-Aug-27 13:51:50 PM [TestNG-PoolService-8] DEBUG stepdefs.Stepdefs - Each step hook is executed,screen shots taken
2021-Aug-27 13:51:50 PM [TestNG-PoolService-4] DEBUG stepdefs.Stepdefs - Each step hook is executed,screen shots taken
2021-Aug-27 13:51:50 PM [TestNG-PoolService-8] DEBUG stepdefs.Stepdefs - Each step hook is executed,screen shots taken
2021-Aug-27 13:51:50 PM [TestNG-PoolService-3] DEBUG stepdefs.Stepdefs - Each step hook is executed,screen shots taken
2021-Aug-27 13:51:50 PM [TestNG-PoolService-1] DEBUG stepdefs.Stepdefs - Each step hook is executed,screen shots taken
2021-Aug-27 13:51:50 PM [TestNG-PoolService-3] DEBUG stepdefs.Stepdefs - Each step hook is executed,screen shots taken
2021-Aug-27 13:51:50 PM [TestNG-PoolService-3] DEBUG stepdefs.Stepdefs - Each step hook is executed,screen shots taken
2021-Aug-27 13:51:50 PM [TestNG-PoolService-6] DEBUG stepdefs.Stepdefs - Each step hook is executed,screen shots taken
2021-Aug-27 13:51:50 PM [TestNG-PoolService-6] DEBUG stepdefs.Stepdefs - Each step hook is executed,screen shots taken
2021-Aug-27 13:51:50 PM [TestNG-PoolService-6] DEBUG stepdefs.Stepdefs - Each step hook is executed,screen shots taken
2021-Aug-27 13:52:29 PM [TestNG-PoolService-2] DEBUG stepdefs.Stepdefs - chrome initialized
2021-Aug-27 13:52:29 PM [TestNG-PoolService-5] DEBUG stepdefs.Stepdefs - chrome initialized
2021-Aug-27 13:52:29 PM [TestNG-PoolService-0] DEBUG stepdefs.Stepdefs - chrome initialized
2021-Aug-27 13:52:29 PM [TestNG-PoolService-7] DEBUG stepdefs.Stepdefs - chrome initialized
2021-Aug-27 13:52:31 PM [TestNG-PoolService-7] DEBUG stepdefs.Stepdefs - Browser maximized
2021-Aug-27 13:52:31 PM [TestNG-PoolService-5] DEBUG stepdefs.Stepdefs - Browser maximized
2021-Aug-27 13:52:31 PM [TestNG-PoolService-2] DEBUG stepdefs.Stepdefs - Browser maximized
2021-Aug-27 13:52:31 PM [TestNG-PoolService-0] DEBUG stepdefs.Stepdefs - Browser maximized
2021-Aug-27 13:52:32 PM [TestNG-PoolService-7] DEBUG stepdefs.Stepdefs - Each step hook is executed,screen shots taken
2021-Aug-27 13:52:32 PM [TestNG-PoolService-2] DEBUG stepdefs.Stepdefs - Each step hook is executed,screen shots taken
2021-Aug-27 13:52:32 PM [TestNG-PoolService-0] DEBUG stepdefs.Stepdefs - Each step hook is executed,screen shots taken
2021-Aug-27 13:52:32 PM [TestNG-PoolService-5] DEBUG stepdefs.Stepdefs - Each step hook is executed,screen shots taken
2021-Aug-27 13:52:36 PM [TestNG-PoolService-2] DEBUG stepdefs.Stepdefs - Each step hook is executed,screen shots taken
2021-Aug-27 13:52:47 PM [TestNG-PoolService-7] DEBUG stepdefs.Stepdefs - Navigate urlhttps://parabank.parasoft.com/parabank/index.htm
2021-Aug-27 13:52:47 PM [TestNG-PoolService-5] DEBUG stepdefs.Stepdefs - Navigate urlhttps://parabank.parasoft.com/parabank/index.htm
2021-Aug-27 13:52:53 PM [TestNG-PoolService-0] DEBUG stepdefs.Stepdefs - Navigate urlhttps://parabank.parasoft.com/parabank/index.htm
2021-Aug-27 13:52:54 PM [TestNG-PoolService-2] DEBUG stepdefs.Stepdefs - Navigate urlhttps://parabank.parasoft.com/parabank/index.htm
2021-Aug-27 13:52:54 PM [TestNG-PoolService-2] DEBUG stepdefs.Stepdefs - Each step hook is executed,screen shots taken
2021-Aug-27 13:52:55 PM [TestNG-PoolService-7] DEBUG stepdefs.Stepdefs - login usernamejohn
2021-Aug-27 13:52:55 PM [TestNG-PoolService-0] DEBUG stepdefs.Stepdefs - login usernamejohn
2021-Aug-27 13:52:55 PM [TestNG-PoolService-5] DEBUG stepdefs.Stepdefs - login usernamejohn
2021-Aug-27 13:52:57 PM [TestNG-PoolService-5] DEBUG stepdefs.Stepdefs - login passworddemo
2021-Aug-27 13:52:57 PM [TestNG-PoolService-0] DEBUG stepdefs.Stepdefs - login passworddemo
2021-Aug-27 13:52:57 PM [TestNG-PoolService-7] DEBUG stepdefs.Stepdefs - login passworddemo
2021-Aug-27 13:53:06 PM [TestNG-PoolService-0] DEBUG stepdefs.Stepdefs - Click on login
2021-Aug-27 13:53:07 PM [TestNG-PoolService-7] DEBUG stepdefs.Stepdefs - Click on login
2021-Aug-27 13:53:07 PM [TestNG-PoolService-5] DEBUG stepdefs.Stepdefs - Click on login
2021-Aug-27 13:53:07 PM [TestNG-PoolService-0] DEBUG stepdefs.Stepdefs - Each step hook is executed,screen shots taken
2021-Aug-27 13:53:07 PM [TestNG-PoolService-7] DEBUG stepdefs.Stepdefs - Each step hook is executed,screen shots taken
2021-Aug-27 13:53:07 PM [TestNG-PoolService-5] DEBUG stepdefs.Stepdefs - Each step hook is executed,screen shots taken
2021-Aug-27 13:53:11 PM [TestNG-PoolService-5] DEBUG stepdefs.Stepdefs - click on link and link name is :Open New Account
2021-Aug-27 13:53:11 PM [TestNG-PoolService-7] DEBUG stepdefs.Stepdefs - click on link and link name is :Transfer Funds
2021-Aug-27 13:53:11 PM [TestNG-PoolService-0] DEBUG stepdefs.Stepdefs - click on link and link name is :Bill Pay
2021-Aug-27 13:53:12 PM [TestNG-PoolService-7] DEBUG stepdefs.Stepdefs - Each step hook is executed,screen shots taken
2021-Aug-27 13:53:12 PM [TestNG-PoolService-5] DEBUG stepdefs.Stepdefs - Each step hook is executed,screen shots taken
2021-Aug-27 13:53:12 PM [TestNG-PoolService-0] DEBUG stepdefs.Stepdefs - Each step hook is executed,screen shots taken
2021-Aug-27 13:53:12 PM [TestNG-PoolService-2] DEBUG stepdefs.Stepdefs - Each step hook is executed,screen shots taken
2021-Aug-27 13:53:13 PM [TestNG-PoolService-2] DEBUG stepdefs.Stepdefs - Each step hook is executed,screen shots taken
2021-Aug-27 13:53:16 PM [TestNG-PoolService-5] DEBUG stepdefs.Stepdefs - Each step hook is executed,screen shots taken
2021-Aug-27 13:53:17 PM [TestNG-PoolService-0] DEBUG stepdefs.Stepdefs - Each step hook is executed,screen shots taken
2021-Aug-27 13:53:18 PM [TestNG-PoolService-7] DEBUG stepdefs.Stepdefs - Each step hook is executed,screen shots taken
2021-Aug-27 13:53:18 PM [TestNG-PoolService-0] DEBUG stepdefs.Stepdefs - Each step hook is executed,screen shots taken
2021-Aug-27 13:53:18 PM [TestNG-PoolService-7] DEBUG stepdefs.Stepdefs - Each step hook is executed,screen shots taken
2021-Aug-27 13:53:19 PM [TestNG-PoolService-7] DEBUG stepdefs.Stepdefs - Each step hook is executed,screen shots taken
2021-Aug-27 13:53:19 PM [TestNG-PoolService-0] DEBUG stepdefs.Stepdefs - Each step hook is executed,screen shots taken
2021-Aug-27 13:53:20 PM [TestNG-PoolService-0] DEBUG stepdefs.Stepdefs - Each step hook is executed,screen shots taken
2021-Aug-27 13:53:20 PM [TestNG-PoolService-7] DEBUG stepdefs.Stepdefs - Each step hook is executed,screen shots taken
2021-Aug-27 13:53:20 PM [TestNG-PoolService-0] DEBUG stepdefs.Stepdefs - Each step hook is executed,screen shots taken
2021-Aug-27 13:53:21 PM [TestNG-PoolService-0] DEBUG stepdefs.Stepdefs - Each step hook is executed,screen shots taken
2021-Aug-27 13:53:21 PM [TestNG-PoolService-0] DEBUG stepdefs.Stepdefs - Each step hook is executed,screen shots taken
2021-Aug-27 13:53:22 PM [TestNG-PoolService-5] DEBUG stepdefs.Stepdefs - Each step hook is executed,screen shots taken
2021-Aug-27 13:53:23 PM [TestNG-PoolService-5] DEBUG stepdefs.Stepdefs - Each step hook is executed,screen shots taken
2021-Aug-27 13:53:23 PM [TestNG-PoolService-5] DEBUG stepdefs.Stepdefs - Each step hook is executed,screen shots taken
2021-Aug-27 13:53:26 PM [TestNG-PoolService-0] DEBUG stepdefs.Stepdefs - Each step hook is executed,screen shots taken
