2021-Aug-27 13:21:14 PM [main] DEBUG stepdefs.Stepdefs - chrome initialized
2021-Aug-27 13:21:16 PM [main] DEBUG stepdefs.Stepdefs - Browser maximized
2021-Aug-27 13:21:17 PM [main] DEBUG stepdefs.Stepdefs - Each step hook is executed,screen shots taken
2021-Aug-27 13:21:32 PM [main] DEBUG stepdefs.Stepdefs - Navigate urlhttps://parabank.parasoft.com/parabank/index.htm
2021-Aug-27 13:21:38 PM [main] DEBUG stepdefs.Stepdefs - login usernamejohn
2021-Aug-27 13:21:40 PM [main] DEBUG stepdefs.Stepdefs - login passworddemo
2021-Aug-27 13:21:47 PM [main] DEBUG stepdefs.Stepdefs - Click on login
2021-Aug-27 13:21:48 PM [main] DEBUG stepdefs.Stepdefs - Each step hook is executed,screen shots taken
2021-Aug-27 13:21:51 PM [main] DEBUG stepdefs.Stepdefs - click on link and link name is :Bill Pay
2021-Aug-27 13:21:52 PM [main] DEBUG stepdefs.Stepdefs - Each step hook is executed,screen shots taken
2021-Aug-27 13:21:53 PM [main] DEBUG stepdefs.Stepdefs - Each step hook is executed,screen shots taken
2021-Aug-27 13:21:53 PM [main] DEBUG stepdefs.Stepdefs - Each step hook is executed,screen shots taken
2021-Aug-27 13:21:54 PM [main] DEBUG stepdefs.Stepdefs - Each step hook is executed,screen shots taken
2021-Aug-27 13:21:54 PM [main] DEBUG stepdefs.Stepdefs - Each step hook is executed,screen shots taken
2021-Aug-27 13:21:55 PM [main] DEBUG stepdefs.Stepdefs - Each step hook is executed,screen shots taken
2021-Aug-27 13:21:56 PM [main] DEBUG stepdefs.Stepdefs - Each step hook is executed,screen shots taken
2021-Aug-27 13:21:56 PM [main] DEBUG stepdefs.Stepdefs - Each step hook is executed,screen shots taken
2021-Aug-27 13:22:01 PM [main] DEBUG stepdefs.Stepdefs - Each step hook is executed,screen shots taken
2021-Aug-27 13:22:11 PM [main] DEBUG stepdefs.Stepdefs - chrome initialized
2021-Aug-27 13:22:12 PM [main] DEBUG stepdefs.Stepdefs - Browser maximized
2021-Aug-27 13:22:14 PM [main] DEBUG stepdefs.Stepdefs - Each step hook is executed,screen shots taken
2021-Aug-27 13:22:14 PM [main] DEBUG stepdefs.Stepdefs - Each step hook is executed,screen shots taken
2021-Aug-27 13:22:21 PM [main] DEBUG stepdefs.Stepdefs - Navigate urlhttps://parabank.parasoft.com/parabank/index.htm
2021-Aug-27 13:22:21 PM [main] DEBUG stepdefs.Stepdefs - Each step hook is executed,screen shots taken
2021-Aug-27 13:22:25 PM [main] DEBUG stepdefs.Stepdefs - Each step hook is executed,screen shots taken
2021-Aug-27 13:22:25 PM [main] DEBUG stepdefs.Stepdefs - Each step hook is executed,screen shots taken
2021-Aug-27 13:22:27 PM [main] DEBUG stepdefs.Stepdefs - Each step hook is executed,screen shots taken
2021-Aug-27 13:22:27 PM [main] DEBUG stepdefs.Stepdefs - Each step hook is executed,screen shots taken
2021-Aug-27 13:22:27 PM [main] DEBUG stepdefs.Stepdefs - Each step hook is executed,screen shots taken
2021-Aug-27 13:22:27 PM [main] DEBUG stepdefs.Stepdefs - Each step hook is executed,screen shots taken
2021-Aug-27 13:22:27 PM [main] DEBUG stepdefs.Stepdefs - Each step hook is executed,screen shots taken
2021-Aug-27 13:22:27 PM [main] DEBUG stepdefs.Stepdefs - Each step hook is executed,screen shots taken
2021-Aug-27 13:22:27 PM [main] DEBUG stepdefs.Stepdefs - Each step hook is executed,screen shots taken
2021-Aug-27 13:22:27 PM [main] DEBUG stepdefs.Stepdefs - Each step hook is executed,screen shots taken
2021-Aug-27 13:22:27 PM [main] DEBUG stepdefs.Stepdefs - Each step hook is executed,screen shots taken
2021-Aug-27 13:22:27 PM [main] DEBUG stepdefs.Stepdefs - Each step hook is executed,screen shots taken
2021-Aug-27 13:22:27 PM [main] DEBUG stepdefs.Stepdefs - Each step hook is executed,screen shots taken
2021-Aug-27 13:22:27 PM [main] DEBUG stepdefs.Stepdefs - Each step hook is executed,screen shots taken
2021-Aug-27 13:22:27 PM [main] DEBUG stepdefs.Stepdefs - Each step hook is executed,screen shots taken
2021-Aug-27 13:22:27 PM [main] DEBUG stepdefs.Stepdefs - Each step hook is executed,screen shots taken
2021-Aug-27 13:22:27 PM [main] DEBUG stepdefs.Stepdefs - Each step hook is executed,screen shots taken
2021-Aug-27 13:22:27 PM [main] DEBUG stepdefs.Stepdefs - Each step hook is executed,screen shots taken
2021-Aug-27 13:22:27 PM [main] DEBUG stepdefs.Stepdefs - Each step hook is executed,screen shots taken
2021-Aug-27 13:22:27 PM [main] DEBUG stepdefs.Stepdefs - Each step hook is executed,screen shots taken
2021-Aug-27 13:22:27 PM [main] DEBUG stepdefs.Stepdefs - Each step hook is executed,screen shots taken
2021-Aug-27 13:22:27 PM [main] DEBUG stepdefs.Stepdefs - Each step hook is executed,screen shots taken
2021-Aug-27 13:22:27 PM [main] DEBUG stepdefs.Stepdefs - Each step hook is executed,screen shots taken
2021-Aug-27 13:22:27 PM [main] DEBUG stepdefs.Stepdefs - Each step hook is executed,screen shots taken
2021-Aug-27 13:22:27 PM [main] DEBUG stepdefs.Stepdefs - Each step hook is executed,screen shots taken
2021-Aug-27 13:22:27 PM [main] DEBUG stepdefs.Stepdefs - Each step hook is executed,screen shots taken
2021-Aug-27 13:22:27 PM [main] DEBUG stepdefs.Stepdefs - Each step hook is executed,screen shots taken
2021-Aug-27 13:22:27 PM [main] DEBUG stepdefs.Stepdefs - Each step hook is executed,screen shots taken
2021-Aug-27 13:22:27 PM [main] DEBUG stepdefs.Stepdefs - Each step hook is executed,screen shots taken
2021-Aug-27 13:22:27 PM [main] DEBUG stepdefs.Stepdefs - Each step hook is executed,screen shots taken
2021-Aug-27 13:22:27 PM [main] DEBUG stepdefs.Stepdefs - Each step hook is executed,screen shots taken
2021-Aug-27 13:22:32 PM [main] DEBUG stepdefs.Stepdefs - chrome initialized
2021-Aug-27 13:22:32 PM [main] DEBUG stepdefs.Stepdefs - Browser maximized
2021-Aug-27 13:22:35 PM [main] DEBUG stepdefs.Stepdefs - Each step hook is executed,screen shots taken
2021-Aug-27 13:22:40 PM [main] DEBUG stepdefs.Stepdefs - Navigate urlhttps://parabank.parasoft.com/parabank/index.htm
2021-Aug-27 13:22:40 PM [main] DEBUG stepdefs.Stepdefs - login usernamejohn
2021-Aug-27 13:22:40 PM [main] DEBUG stepdefs.Stepdefs - login passworddemo
2021-Aug-27 13:22:42 PM [main] DEBUG stepdefs.Stepdefs - Click on login
2021-Aug-27 13:22:43 PM [main] DEBUG stepdefs.Stepdefs - Each step hook is executed,screen shots taken
2021-Aug-27 13:22:44 PM [main] DEBUG stepdefs.Stepdefs - click on link and link name is :Open New Account
2021-Aug-27 13:22:44 PM [main] DEBUG stepdefs.Stepdefs - Each step hook is executed,screen shots taken
2021-Aug-27 13:22:45 PM [main] DEBUG stepdefs.Stepdefs - Each step hook is executed,screen shots taken
2021-Aug-27 13:22:50 PM [main] DEBUG stepdefs.Stepdefs - Each step hook is executed,screen shots taken
2021-Aug-27 13:22:51 PM [main] DEBUG stepdefs.Stepdefs - Each step hook is executed,screen shots taken
2021-Aug-27 13:22:51 PM [main] DEBUG stepdefs.Stepdefs - Each step hook is executed,screen shots taken
2021-Aug-27 13:22:55 PM [main] DEBUG stepdefs.Stepdefs - chrome initialized
2021-Aug-27 13:22:55 PM [main] DEBUG stepdefs.Stepdefs - Browser maximized
2021-Aug-27 13:22:56 PM [main] DEBUG stepdefs.Stepdefs - Each step hook is executed,screen shots taken
2021-Aug-27 13:23:01 PM [main] DEBUG stepdefs.Stepdefs - Navigate urlhttps://parabank.parasoft.com/parabank/index.htm
2021-Aug-27 13:23:01 PM [main] DEBUG stepdefs.Stepdefs - login usernamejohn
2021-Aug-27 13:23:01 PM [main] DEBUG stepdefs.Stepdefs - login passworddemo
2021-Aug-27 13:23:03 PM [main] DEBUG stepdefs.Stepdefs - Click on login
2021-Aug-27 13:23:03 PM [main] DEBUG stepdefs.Stepdefs - Each step hook is executed,screen shots taken
2021-Aug-27 13:23:03 PM [main] DEBUG stepdefs.Stepdefs - click on link and link name is :Transfer Funds
2021-Aug-27 13:23:04 PM [main] DEBUG stepdefs.Stepdefs - Each step hook is executed,screen shots taken
2021-Aug-27 13:23:09 PM [main] DEBUG stepdefs.Stepdefs - Each step hook is executed,screen shots taken
2021-Aug-27 13:23:09 PM [main] DEBUG stepdefs.Stepdefs - Each step hook is executed,screen shots taken
2021-Aug-27 13:23:10 PM [main] DEBUG stepdefs.Stepdefs - Each step hook is executed,screen shots taken
2021-Aug-27 13:23:11 PM [main] DEBUG stepdefs.Stepdefs - Each step hook is executed,screen shots taken
