2021-Aug-28 09:50:59 AM [TestNG-PoolService-5] DEBUG stepdefs.Stepdefs - Each step hook is executed,screen shots taken
2021-Aug-28 09:50:59 AM [TestNG-PoolService-9] DEBUG stepdefs.Stepdefs - Each step hook is executed,screen shots taken
2021-Aug-28 09:50:59 AM [TestNG-PoolService-1] DEBUG stepdefs.Stepdefs - Each step hook is executed,screen shots taken
2021-Aug-28 09:50:59 AM [TestNG-PoolService-3] DEBUG stepdefs.Stepdefs - Each step hook is executed,screen shots taken
2021-Aug-28 09:50:59 AM [TestNG-PoolService-6] DEBUG stepdefs.Stepdefs - Each step hook is executed,screen shots taken
2021-Aug-28 09:50:59 AM [TestNG-PoolService-8] DEBUG stepdefs.Stepdefs - Each step hook is executed,screen shots taken
2021-Aug-28 09:50:59 AM [TestNG-PoolService-4] DEBUG stepdefs.Stepdefs - Each step hook is executed,screen shots taken
2021-Aug-28 09:50:59 AM [TestNG-PoolService-7] DEBUG stepdefs.Stepdefs - Each step hook is executed,screen shots taken
2021-Aug-28 09:50:59 AM [TestNG-PoolService-1] DEBUG stepdefs.Stepdefs - Each step hook is executed,screen shots taken
2021-Aug-28 09:50:59 AM [TestNG-PoolService-9] DEBUG stepdefs.Stepdefs - Each step hook is executed,screen shots taken
2021-Aug-28 09:50:59 AM [TestNG-PoolService-3] DEBUG stepdefs.Stepdefs - Each step hook is executed,screen shots taken
2021-Aug-28 09:50:59 AM [TestNG-PoolService-7] DEBUG stepdefs.Stepdefs - Each step hook is executed,screen shots taken
2021-Aug-28 09:50:59 AM [TestNG-PoolService-5] DEBUG stepdefs.Stepdefs - Each step hook is executed,screen shots taken
2021-Aug-28 09:50:59 AM [TestNG-PoolService-9] DEBUG stepdefs.Stepdefs - Each step hook is executed,screen shots taken
2021-Aug-28 09:50:59 AM [TestNG-PoolService-4] DEBUG stepdefs.Stepdefs - Each step hook is executed,screen shots taken
2021-Aug-28 09:50:59 AM [TestNG-PoolService-4] DEBUG stepdefs.Stepdefs - Each step hook is executed,screen shots taken
2021-Aug-28 09:50:59 AM [TestNG-PoolService-4] DEBUG stepdefs.Stepdefs - Each step hook is executed,screen shots taken
2021-Aug-28 09:50:59 AM [TestNG-PoolService-8] DEBUG stepdefs.Stepdefs - Each step hook is executed,screen shots taken
2021-Aug-28 09:50:59 AM [TestNG-PoolService-4] DEBUG stepdefs.Stepdefs - Each step hook is executed,screen shots taken
2021-Aug-28 09:50:59 AM [TestNG-PoolService-6] DEBUG stepdefs.Stepdefs - Each step hook is executed,screen shots taken
2021-Aug-28 09:50:59 AM [TestNG-PoolService-7] DEBUG stepdefs.Stepdefs - Each step hook is executed,screen shots taken
2021-Aug-28 09:50:59 AM [TestNG-PoolService-5] DEBUG stepdefs.Stepdefs - Each step hook is executed,screen shots taken
2021-Aug-28 09:50:59 AM [TestNG-PoolService-4] DEBUG stepdefs.Stepdefs - Each step hook is executed,screen shots taken
2021-Aug-28 09:50:59 AM [TestNG-PoolService-8] DEBUG stepdefs.Stepdefs - Each step hook is executed,screen shots taken
2021-Aug-28 09:50:59 AM [TestNG-PoolService-3] DEBUG stepdefs.Stepdefs - Each step hook is executed,screen shots taken
2021-Aug-28 09:50:59 AM [TestNG-PoolService-6] DEBUG stepdefs.Stepdefs - Each step hook is executed,screen shots taken
2021-Aug-28 09:50:59 AM [TestNG-PoolService-1] DEBUG stepdefs.Stepdefs - Each step hook is executed,screen shots taken
2021-Aug-28 09:50:59 AM [TestNG-PoolService-3] DEBUG stepdefs.Stepdefs - Each step hook is executed,screen shots taken
2021-Aug-28 09:50:59 AM [TestNG-PoolService-3] DEBUG stepdefs.Stepdefs - Each step hook is executed,screen shots taken
2021-Aug-28 09:51:36 AM [TestNG-PoolService-0] DEBUG stepdefs.Stepdefs - chrome initialized
2021-Aug-28 09:51:38 AM [TestNG-PoolService-0] DEBUG stepdefs.Stepdefs - Browser maximized
2021-Aug-28 09:51:41 AM [TestNG-PoolService-9] DEBUG stepdefs.Stepdefs - chrome initialized
2021-Aug-28 09:51:41 AM [TestNG-PoolService-9] DEBUG stepdefs.Stepdefs - Browser maximized
2021-Aug-28 09:51:42 AM [TestNG-PoolService-2] DEBUG stepdefs.Stepdefs - chrome initialized
2021-Aug-28 09:51:42 AM [TestNG-PoolService-2] DEBUG stepdefs.Stepdefs - Browser maximized
2021-Aug-28 09:51:42 AM [TestNG-PoolService-7] DEBUG stepdefs.Stepdefs - chrome initialized
2021-Aug-28 09:51:43 AM [TestNG-PoolService-7] DEBUG stepdefs.Stepdefs - Browser maximized
2021-Aug-28 09:51:47 AM [TestNG-PoolService-0] DEBUG stepdefs.Stepdefs - Each step hook is executed,screen shots taken
2021-Aug-28 09:51:47 AM [TestNG-PoolService-7] DEBUG stepdefs.Stepdefs - Each step hook is executed,screen shots taken
2021-Aug-28 09:51:51 AM [TestNG-PoolService-2] DEBUG stepdefs.Stepdefs - Each step hook is executed,screen shots taken
2021-Aug-28 09:51:51 AM [TestNG-PoolService-9] DEBUG stepdefs.Stepdefs - Each step hook is executed,screen shots taken
2021-Aug-28 09:51:53 AM [TestNG-PoolService-2] DEBUG stepdefs.Stepdefs - Each step hook is executed,screen shots taken
2021-Aug-28 09:52:05 AM [TestNG-PoolService-7] DEBUG stepdefs.Stepdefs - Navigate urlhttps://parabank.parasoft.com/parabank/index.htm
2021-Aug-28 09:52:05 AM [TestNG-PoolService-2] DEBUG stepdefs.Stepdefs - Navigate urlhttps://parabank.parasoft.com/parabank/index.htm
2021-Aug-28 09:52:05 AM [TestNG-PoolService-9] DEBUG stepdefs.Stepdefs - Navigate urlhttps://parabank.parasoft.com/parabank/index.htm
2021-Aug-28 09:52:05 AM [TestNG-PoolService-0] DEBUG stepdefs.Stepdefs - Navigate urlhttps://parabank.parasoft.com/parabank/index.htm
2021-Aug-28 09:52:06 AM [TestNG-PoolService-2] DEBUG stepdefs.Stepdefs - Each step hook is executed,screen shots taken
2021-Aug-28 09:52:10 AM [TestNG-PoolService-9] DEBUG stepdefs.Stepdefs - login usernamejohn
2021-Aug-28 09:52:10 AM [TestNG-PoolService-7] DEBUG stepdefs.Stepdefs - login usernamejohn
2021-Aug-28 09:52:10 AM [TestNG-PoolService-0] DEBUG stepdefs.Stepdefs - login usernamejohn
2021-Aug-28 09:52:12 AM [TestNG-PoolService-0] DEBUG stepdefs.Stepdefs - login passworddemo
2021-Aug-28 09:52:12 AM [TestNG-PoolService-9] DEBUG stepdefs.Stepdefs - login passworddemo
2021-Aug-28 09:52:12 AM [TestNG-PoolService-7] DEBUG stepdefs.Stepdefs - login passworddemo
2021-Aug-28 09:52:24 AM [TestNG-PoolService-7] DEBUG stepdefs.Stepdefs - Click on login
2021-Aug-28 09:52:24 AM [TestNG-PoolService-2] DEBUG stepdefs.Stepdefs - Each step hook is executed,screen shots taken
2021-Aug-28 09:52:24 AM [TestNG-PoolService-7] DEBUG stepdefs.Stepdefs - Each step hook is executed,screen shots taken
2021-Aug-28 09:52:24 AM [TestNG-PoolService-0] DEBUG stepdefs.Stepdefs - Click on login
2021-Aug-28 09:52:25 AM [TestNG-PoolService-0] DEBUG stepdefs.Stepdefs - Each step hook is executed,screen shots taken
2021-Aug-28 09:52:25 AM [TestNG-PoolService-2] DEBUG stepdefs.Stepdefs - Each step hook is executed,screen shots taken
2021-Aug-28 09:52:26 AM [TestNG-PoolService-7] DEBUG stepdefs.Stepdefs - click on link and link name is :Transfer Funds
2021-Aug-28 09:52:26 AM [TestNG-PoolService-9] DEBUG stepdefs.Stepdefs - Click on login
2021-Aug-28 09:52:27 AM [TestNG-PoolService-7] DEBUG stepdefs.Stepdefs - Each step hook is executed,screen shots taken
2021-Aug-28 09:52:27 AM [TestNG-PoolService-9] DEBUG stepdefs.Stepdefs - Each step hook is executed,screen shots taken
2021-Aug-28 09:52:28 AM [TestNG-PoolService-0] DEBUG stepdefs.Stepdefs - click on link and link name is :Bill Pay
2021-Aug-28 09:52:28 AM [TestNG-PoolService-0] DEBUG stepdefs.Stepdefs - Each step hook is executed,screen shots taken
2021-Aug-28 09:52:29 AM [TestNG-PoolService-9] DEBUG stepdefs.Stepdefs - click on link and link name is :Open New Account
2021-Aug-28 09:52:29 AM [TestNG-PoolService-9] DEBUG stepdefs.Stepdefs - Each step hook is executed,screen shots taken
2021-Aug-28 09:52:31 AM [TestNG-PoolService-0] DEBUG stepdefs.Stepdefs - Each step hook is executed,screen shots taken
2021-Aug-28 09:52:31 AM [TestNG-PoolService-9] DEBUG stepdefs.Stepdefs - Each step hook is executed,screen shots taken
2021-Aug-28 09:52:32 AM [TestNG-PoolService-0] DEBUG stepdefs.Stepdefs - Each step hook is executed,screen shots taken
2021-Aug-28 09:52:32 AM [TestNG-PoolService-7] DEBUG stepdefs.Stepdefs - Each step hook is executed,screen shots taken
2021-Aug-28 09:52:32 AM [TestNG-PoolService-0] DEBUG stepdefs.Stepdefs - Each step hook is executed,screen shots taken
2021-Aug-28 09:52:33 AM [TestNG-PoolService-7] DEBUG stepdefs.Stepdefs - Each step hook is executed,screen shots taken
2021-Aug-28 09:52:33 AM [TestNG-PoolService-7] DEBUG stepdefs.Stepdefs - Each step hook is executed,screen shots taken
2021-Aug-28 09:52:33 AM [TestNG-PoolService-0] DEBUG stepdefs.Stepdefs - Each step hook is executed,screen shots taken
2021-Aug-28 09:52:33 AM [TestNG-PoolService-0] DEBUG stepdefs.Stepdefs - Each step hook is executed,screen shots taken
2021-Aug-28 09:52:34 AM [TestNG-PoolService-0] DEBUG stepdefs.Stepdefs - Each step hook is executed,screen shots taken
2021-Aug-28 09:52:34 AM [TestNG-PoolService-7] DEBUG stepdefs.Stepdefs - Each step hook is executed,screen shots taken
2021-Aug-28 09:52:35 AM [TestNG-PoolService-0] DEBUG stepdefs.Stepdefs - Each step hook is executed,screen shots taken
2021-Aug-28 09:52:37 AM [TestNG-PoolService-9] DEBUG stepdefs.Stepdefs - Each step hook is executed,screen shots taken
2021-Aug-28 09:52:38 AM [TestNG-PoolService-9] DEBUG stepdefs.Stepdefs - Each step hook is executed,screen shots taken
2021-Aug-28 09:52:39 AM [TestNG-PoolService-9] DEBUG stepdefs.Stepdefs - Each step hook is executed,screen shots taken
2021-Aug-28 09:52:40 AM [TestNG-PoolService-0] DEBUG stepdefs.Stepdefs - Each step hook is executed,screen shots taken
