2021-Aug-28 11:17:05 AM [TestNG-PoolService-4] DEBUG stepdefs.Stepdefs - Each step hook is executed,screen shots taken
2021-Aug-28 11:17:05 AM [TestNG-PoolService-3] DEBUG stepdefs.Stepdefs - Each step hook is executed,screen shots taken
2021-Aug-28 11:17:05 AM [TestNG-PoolService-9] DEBUG stepdefs.Stepdefs - Each step hook is executed,screen shots taken
2021-Aug-28 11:17:05 AM [TestNG-PoolService-8] DEBUG stepdefs.Stepdefs - Each step hook is executed,screen shots taken
2021-Aug-28 11:17:05 AM [TestNG-PoolService-1] DEBUG stepdefs.Stepdefs - Each step hook is executed,screen shots taken
2021-Aug-28 11:17:05 AM [TestNG-PoolService-5] DEBUG stepdefs.Stepdefs - Each step hook is executed,screen shots taken
2021-Aug-28 11:17:05 AM [TestNG-PoolService-6] DEBUG stepdefs.Stepdefs - Each step hook is executed,screen shots taken
2021-Aug-28 11:17:05 AM [TestNG-PoolService-4] DEBUG stepdefs.Stepdefs - Each step hook is executed,screen shots taken
2021-Aug-28 11:17:05 AM [TestNG-PoolService-7] DEBUG stepdefs.Stepdefs - Each step hook is executed,screen shots taken
2021-Aug-28 11:17:05 AM [TestNG-PoolService-5] DEBUG stepdefs.Stepdefs - Each step hook is executed,screen shots taken
2021-Aug-28 11:17:05 AM [TestNG-PoolService-1] DEBUG stepdefs.Stepdefs - Each step hook is executed,screen shots taken
2021-Aug-28 11:17:05 AM [TestNG-PoolService-1] DEBUG stepdefs.Stepdefs - Each step hook is executed,screen shots taken
2021-Aug-28 11:17:05 AM [TestNG-PoolService-8] DEBUG stepdefs.Stepdefs - Each step hook is executed,screen shots taken
2021-Aug-28 11:17:05 AM [TestNG-PoolService-5] DEBUG stepdefs.Stepdefs - Each step hook is executed,screen shots taken
2021-Aug-28 11:17:05 AM [TestNG-PoolService-3] DEBUG stepdefs.Stepdefs - Each step hook is executed,screen shots taken
2021-Aug-28 11:17:05 AM [TestNG-PoolService-4] DEBUG stepdefs.Stepdefs - Each step hook is executed,screen shots taken
2021-Aug-28 11:17:05 AM [TestNG-PoolService-7] DEBUG stepdefs.Stepdefs - Each step hook is executed,screen shots taken
2021-Aug-28 11:17:05 AM [TestNG-PoolService-6] DEBUG stepdefs.Stepdefs - Each step hook is executed,screen shots taken
2021-Aug-28 11:17:05 AM [TestNG-PoolService-7] DEBUG stepdefs.Stepdefs - Each step hook is executed,screen shots taken
2021-Aug-28 11:17:05 AM [TestNG-PoolService-8] DEBUG stepdefs.Stepdefs - Each step hook is executed,screen shots taken
2021-Aug-28 11:17:06 AM [TestNG-PoolService-5] DEBUG stepdefs.Stepdefs - Each step hook is executed,screen shots taken
2021-Aug-28 11:17:06 AM [TestNG-PoolService-6] DEBUG stepdefs.Stepdefs - Each step hook is executed,screen shots taken
2021-Aug-28 11:17:06 AM [TestNG-PoolService-5] DEBUG stepdefs.Stepdefs - Each step hook is executed,screen shots taken
2021-Aug-28 11:17:06 AM [TestNG-PoolService-9] DEBUG stepdefs.Stepdefs - Each step hook is executed,screen shots taken
2021-Aug-28 11:17:06 AM [TestNG-PoolService-9] DEBUG stepdefs.Stepdefs - Each step hook is executed,screen shots taken
2021-Aug-28 11:17:06 AM [TestNG-PoolService-5] DEBUG stepdefs.Stepdefs - Each step hook is executed,screen shots taken
2021-Aug-28 11:17:06 AM [TestNG-PoolService-3] DEBUG stepdefs.Stepdefs - Each step hook is executed,screen shots taken
2021-Aug-28 11:17:06 AM [TestNG-PoolService-3] DEBUG stepdefs.Stepdefs - Each step hook is executed,screen shots taken
2021-Aug-28 11:17:06 AM [TestNG-PoolService-3] DEBUG stepdefs.Stepdefs - Each step hook is executed,screen shots taken
2021-Aug-28 11:17:21 AM [TestNG-PoolService-8] DEBUG stepdefs.Stepdefs - chrome initialized
2021-Aug-28 11:17:22 AM [TestNG-PoolService-8] DEBUG stepdefs.Stepdefs - Browser maximized
2021-Aug-28 11:17:25 AM [TestNG-PoolService-0] DEBUG stepdefs.Stepdefs - chrome initialized
2021-Aug-28 11:17:25 AM [TestNG-PoolService-1] DEBUG stepdefs.Stepdefs - chrome initialized
2021-Aug-28 11:17:25 AM [TestNG-PoolService-1] DEBUG stepdefs.Stepdefs - Browser maximized
2021-Aug-28 11:17:26 AM [TestNG-PoolService-0] DEBUG stepdefs.Stepdefs - Browser maximized
2021-Aug-28 11:17:26 AM [TestNG-PoolService-2] DEBUG stepdefs.Stepdefs - chrome initialized
2021-Aug-28 11:17:27 AM [TestNG-PoolService-2] DEBUG stepdefs.Stepdefs - Browser maximized
2021-Aug-28 11:17:32 AM [TestNG-PoolService-0] DEBUG stepdefs.Stepdefs - Each step hook is executed,screen shots taken
2021-Aug-28 11:17:33 AM [TestNG-PoolService-1] DEBUG stepdefs.Stepdefs - Each step hook is executed,screen shots taken
2021-Aug-28 11:17:34 AM [TestNG-PoolService-2] DEBUG stepdefs.Stepdefs - Each step hook is executed,screen shots taken
2021-Aug-28 11:17:34 AM [TestNG-PoolService-8] DEBUG stepdefs.Stepdefs - Each step hook is executed,screen shots taken
2021-Aug-28 11:17:34 AM [TestNG-PoolService-2] DEBUG stepdefs.Stepdefs - Each step hook is executed,screen shots taken
2021-Aug-28 11:17:52 AM [TestNG-PoolService-2] DEBUG stepdefs.Stepdefs - Navigate urlhttps://parabank.parasoft.com/parabank/index.htm
2021-Aug-28 11:17:52 AM [TestNG-PoolService-1] DEBUG stepdefs.Stepdefs - Navigate urlhttps://parabank.parasoft.com/parabank/index.htm
2021-Aug-28 11:17:52 AM [TestNG-PoolService-8] DEBUG stepdefs.Stepdefs - Navigate urlhttps://parabank.parasoft.com/parabank/index.htm
2021-Aug-28 11:17:52 AM [TestNG-PoolService-0] DEBUG stepdefs.Stepdefs - Navigate urlhttps://parabank.parasoft.com/parabank/index.htm
2021-Aug-28 11:17:59 AM [TestNG-PoolService-0] DEBUG stepdefs.Stepdefs - login usernamejohn
2021-Aug-28 11:17:59 AM [TestNG-PoolService-8] DEBUG stepdefs.Stepdefs - login usernamejohn
2021-Aug-28 11:17:59 AM [TestNG-PoolService-1] DEBUG stepdefs.Stepdefs - login usernamejohn
2021-Aug-28 11:17:59 AM [TestNG-PoolService-2] DEBUG stepdefs.Stepdefs - Each step hook is executed,screen shots taken
2021-Aug-28 11:18:02 AM [TestNG-PoolService-1] DEBUG stepdefs.Stepdefs - login passworddemo
2021-Aug-28 11:18:02 AM [TestNG-PoolService-8] DEBUG stepdefs.Stepdefs - login passworddemo
2021-Aug-28 11:18:02 AM [TestNG-PoolService-0] DEBUG stepdefs.Stepdefs - login passworddemo
2021-Aug-28 11:18:11 AM [TestNG-PoolService-0] DEBUG stepdefs.Stepdefs - Click on login
2021-Aug-28 11:18:11 AM [TestNG-PoolService-1] DEBUG stepdefs.Stepdefs - Click on login
2021-Aug-28 11:18:12 AM [TestNG-PoolService-8] DEBUG stepdefs.Stepdefs - Click on login
2021-Aug-28 11:18:12 AM [TestNG-PoolService-0] DEBUG stepdefs.Stepdefs - Each step hook is executed,screen shots taken
2021-Aug-28 11:18:12 AM [TestNG-PoolService-8] DEBUG stepdefs.Stepdefs - Each step hook is executed,screen shots taken
2021-Aug-28 11:18:12 AM [TestNG-PoolService-2] DEBUG stepdefs.Stepdefs - Each step hook is executed,screen shots taken
2021-Aug-28 11:18:12 AM [TestNG-PoolService-1] DEBUG stepdefs.Stepdefs - Each step hook is executed,screen shots taken
2021-Aug-28 11:18:14 AM [TestNG-PoolService-2] DEBUG stepdefs.Stepdefs - Each step hook is executed,screen shots taken
2021-Aug-28 11:18:15 AM [TestNG-PoolService-1] DEBUG stepdefs.Stepdefs - click on link and link name is :Open New Account
2021-Aug-28 11:18:15 AM [TestNG-PoolService-8] DEBUG stepdefs.Stepdefs - click on link and link name is :Transfer Funds
2021-Aug-28 11:18:15 AM [TestNG-PoolService-1] DEBUG stepdefs.Stepdefs - Each step hook is executed,screen shots taken
2021-Aug-28 11:18:15 AM [TestNG-PoolService-8] DEBUG stepdefs.Stepdefs - Each step hook is executed,screen shots taken
2021-Aug-28 11:18:16 AM [TestNG-PoolService-0] DEBUG stepdefs.Stepdefs - click on link and link name is :Bill Pay
2021-Aug-28 11:18:16 AM [TestNG-PoolService-0] DEBUG stepdefs.Stepdefs - Each step hook is executed,screen shots taken
2021-Aug-28 11:18:17 AM [TestNG-PoolService-0] DEBUG stepdefs.Stepdefs - Each step hook is executed,screen shots taken
2021-Aug-28 11:18:17 AM [TestNG-PoolService-1] DEBUG stepdefs.Stepdefs - Each step hook is executed,screen shots taken
2021-Aug-28 11:18:17 AM [TestNG-PoolService-0] DEBUG stepdefs.Stepdefs - Each step hook is executed,screen shots taken
2021-Aug-28 11:18:18 AM [TestNG-PoolService-0] DEBUG stepdefs.Stepdefs - Each step hook is executed,screen shots taken
2021-Aug-28 11:18:18 AM [TestNG-PoolService-0] DEBUG stepdefs.Stepdefs - Each step hook is executed,screen shots taken
2021-Aug-28 11:18:18 AM [TestNG-PoolService-0] DEBUG stepdefs.Stepdefs - Each step hook is executed,screen shots taken
2021-Aug-28 11:18:19 AM [TestNG-PoolService-0] DEBUG stepdefs.Stepdefs - Each step hook is executed,screen shots taken
2021-Aug-28 11:18:19 AM [TestNG-PoolService-0] DEBUG stepdefs.Stepdefs - Each step hook is executed,screen shots taken
2021-Aug-28 11:18:21 AM [TestNG-PoolService-8] DEBUG stepdefs.Stepdefs - Each step hook is executed,screen shots taken
2021-Aug-28 11:18:21 AM [TestNG-PoolService-8] DEBUG stepdefs.Stepdefs - Each step hook is executed,screen shots taken
2021-Aug-28 11:18:21 AM [TestNG-PoolService-8] DEBUG stepdefs.Stepdefs - Each step hook is executed,screen shots taken
2021-Aug-28 11:18:22 AM [TestNG-PoolService-8] DEBUG stepdefs.Stepdefs - Each step hook is executed,screen shots taken
2021-Aug-28 11:18:23 AM [TestNG-PoolService-1] DEBUG stepdefs.Stepdefs - Each step hook is executed,screen shots taken
2021-Aug-28 11:18:23 AM [TestNG-PoolService-1] DEBUG stepdefs.Stepdefs - Each step hook is executed,screen shots taken
2021-Aug-28 11:18:24 AM [TestNG-PoolService-1] DEBUG stepdefs.Stepdefs - Each step hook is executed,screen shots taken
2021-Aug-28 11:18:24 AM [TestNG-PoolService-0] DEBUG stepdefs.Stepdefs - Each step hook is executed,screen shots taken
