2021-Aug-28 11:11:20 AM [TestNG-PoolService-3] DEBUG stepdefs.Stepdefs - Each step hook is executed,screen shots taken
2021-Aug-28 11:11:20 AM [TestNG-PoolService-9] DEBUG stepdefs.Stepdefs - Each step hook is executed,screen shots taken
2021-Aug-28 11:11:20 AM [TestNG-PoolService-4] DEBUG stepdefs.Stepdefs - Each step hook is executed,screen shots taken
2021-Aug-28 11:11:20 AM [TestNG-PoolService-1] DEBUG stepdefs.Stepdefs - Each step hook is executed,screen shots taken
2021-Aug-28 11:11:20 AM [TestNG-PoolService-6] DEBUG stepdefs.Stepdefs - Each step hook is executed,screen shots taken
2021-Aug-28 11:11:20 AM [TestNG-PoolService-5] DEBUG stepdefs.Stepdefs - Each step hook is executed,screen shots taken
2021-Aug-28 11:11:20 AM [TestNG-PoolService-8] DEBUG stepdefs.Stepdefs - Each step hook is executed,screen shots taken
2021-Aug-28 11:11:20 AM [TestNG-PoolService-7] DEBUG stepdefs.Stepdefs - Each step hook is executed,screen shots taken
2021-Aug-28 11:11:20 AM [TestNG-PoolService-3] DEBUG stepdefs.Stepdefs - Each step hook is executed,screen shots taken
2021-Aug-28 11:11:20 AM [TestNG-PoolService-5] DEBUG stepdefs.Stepdefs - Each step hook is executed,screen shots taken
2021-Aug-28 11:11:20 AM [TestNG-PoolService-5] DEBUG stepdefs.Stepdefs - Each step hook is executed,screen shots taken
2021-Aug-28 11:11:20 AM [TestNG-PoolService-9] DEBUG stepdefs.Stepdefs - Each step hook is executed,screen shots taken
2021-Aug-28 11:11:20 AM [TestNG-PoolService-9] DEBUG stepdefs.Stepdefs - Each step hook is executed,screen shots taken
2021-Aug-28 11:11:20 AM [TestNG-PoolService-1] DEBUG stepdefs.Stepdefs - Each step hook is executed,screen shots taken
2021-Aug-28 11:11:20 AM [TestNG-PoolService-1] DEBUG stepdefs.Stepdefs - Each step hook is executed,screen shots taken
2021-Aug-28 11:11:20 AM [TestNG-PoolService-8] DEBUG stepdefs.Stepdefs - Each step hook is executed,screen shots taken
2021-Aug-28 11:11:20 AM [TestNG-PoolService-8] DEBUG stepdefs.Stepdefs - Each step hook is executed,screen shots taken
2021-Aug-28 11:11:20 AM [TestNG-PoolService-6] DEBUG stepdefs.Stepdefs - Each step hook is executed,screen shots taken
2021-Aug-28 11:11:20 AM [TestNG-PoolService-7] DEBUG stepdefs.Stepdefs - Each step hook is executed,screen shots taken
2021-Aug-28 11:11:20 AM [TestNG-PoolService-7] DEBUG stepdefs.Stepdefs - Each step hook is executed,screen shots taken
2021-Aug-28 11:11:20 AM [TestNG-PoolService-4] DEBUG stepdefs.Stepdefs - Each step hook is executed,screen shots taken
2021-Aug-28 11:11:20 AM [TestNG-PoolService-6] DEBUG stepdefs.Stepdefs - Each step hook is executed,screen shots taken
2021-Aug-28 11:11:20 AM [TestNG-PoolService-5] DEBUG stepdefs.Stepdefs - Each step hook is executed,screen shots taken
2021-Aug-28 11:11:20 AM [TestNG-PoolService-5] DEBUG stepdefs.Stepdefs - Each step hook is executed,screen shots taken
2021-Aug-28 11:11:20 AM [TestNG-PoolService-5] DEBUG stepdefs.Stepdefs - Each step hook is executed,screen shots taken
2021-Aug-28 11:11:20 AM [TestNG-PoolService-4] DEBUG stepdefs.Stepdefs - Each step hook is executed,screen shots taken
2021-Aug-28 11:11:20 AM [TestNG-PoolService-3] DEBUG stepdefs.Stepdefs - Each step hook is executed,screen shots taken
2021-Aug-28 11:11:20 AM [TestNG-PoolService-3] DEBUG stepdefs.Stepdefs - Each step hook is executed,screen shots taken
2021-Aug-28 11:11:20 AM [TestNG-PoolService-3] DEBUG stepdefs.Stepdefs - Each step hook is executed,screen shots taken
2021-Aug-28 11:12:47 AM [TestNG-PoolService-0] DEBUG stepdefs.Stepdefs - chrome initialized
2021-Aug-28 11:12:47 AM [TestNG-PoolService-1] DEBUG stepdefs.Stepdefs - chrome initialized
2021-Aug-28 11:12:47 AM [TestNG-PoolService-2] DEBUG stepdefs.Stepdefs - chrome initialized
2021-Aug-28 11:12:47 AM [TestNG-PoolService-9] DEBUG stepdefs.Stepdefs - chrome initialized
2021-Aug-28 11:12:52 AM [TestNG-PoolService-2] DEBUG stepdefs.Stepdefs - Browser maximized
2021-Aug-28 11:12:52 AM [TestNG-PoolService-9] DEBUG stepdefs.Stepdefs - Browser maximized
2021-Aug-28 11:12:52 AM [TestNG-PoolService-0] DEBUG stepdefs.Stepdefs - Browser maximized
2021-Aug-28 11:12:53 AM [TestNG-PoolService-1] DEBUG stepdefs.Stepdefs - Browser maximized
2021-Aug-28 11:12:54 AM [TestNG-PoolService-1] DEBUG stepdefs.Stepdefs - Each step hook is executed,screen shots taken
2021-Aug-28 11:12:54 AM [TestNG-PoolService-0] DEBUG stepdefs.Stepdefs - Each step hook is executed,screen shots taken
2021-Aug-28 11:12:54 AM [TestNG-PoolService-9] DEBUG stepdefs.Stepdefs - Each step hook is executed,screen shots taken
2021-Aug-28 11:12:54 AM [TestNG-PoolService-2] DEBUG stepdefs.Stepdefs - Each step hook is executed,screen shots taken
2021-Aug-28 11:13:00 AM [TestNG-PoolService-2] DEBUG stepdefs.Stepdefs - Each step hook is executed,screen shots taken
2021-Aug-28 11:13:17 AM [TestNG-PoolService-0] DEBUG stepdefs.Stepdefs - Navigate urlhttps://parabank.parasoft.com/parabank/index.htm
2021-Aug-28 11:13:17 AM [TestNG-PoolService-1] DEBUG stepdefs.Stepdefs - Navigate urlhttps://parabank.parasoft.com/parabank/index.htm
2021-Aug-28 11:13:17 AM [TestNG-PoolService-9] DEBUG stepdefs.Stepdefs - Navigate urlhttps://parabank.parasoft.com/parabank/index.htm
2021-Aug-28 11:13:17 AM [TestNG-PoolService-2] DEBUG stepdefs.Stepdefs - Navigate urlhttps://parabank.parasoft.com/parabank/index.htm
2021-Aug-28 11:13:21 AM [TestNG-PoolService-2] DEBUG stepdefs.Stepdefs - Each step hook is executed,screen shots taken
2021-Aug-28 11:13:26 AM [TestNG-PoolService-0] DEBUG stepdefs.Stepdefs - login usernamejohn
2021-Aug-28 11:13:26 AM [TestNG-PoolService-1] DEBUG stepdefs.Stepdefs - login usernamejohn
2021-Aug-28 11:13:26 AM [TestNG-PoolService-9] DEBUG stepdefs.Stepdefs - login usernamejohn
2021-Aug-28 11:13:28 AM [TestNG-PoolService-0] DEBUG stepdefs.Stepdefs - login passworddemo
2021-Aug-28 11:13:28 AM [TestNG-PoolService-9] DEBUG stepdefs.Stepdefs - login passworddemo
2021-Aug-28 11:13:28 AM [TestNG-PoolService-1] DEBUG stepdefs.Stepdefs - login passworddemo
2021-Aug-28 11:13:41 AM [TestNG-PoolService-9] DEBUG stepdefs.Stepdefs - Click on login
2021-Aug-28 11:13:41 AM [TestNG-PoolService-0] DEBUG stepdefs.Stepdefs - Click on login
2021-Aug-28 11:13:41 AM [TestNG-PoolService-1] DEBUG stepdefs.Stepdefs - Click on login
2021-Aug-28 11:13:41 AM [TestNG-PoolService-0] DEBUG stepdefs.Stepdefs - Each step hook is executed,screen shots taken
2021-Aug-28 11:13:42 AM [TestNG-PoolService-9] DEBUG stepdefs.Stepdefs - Each step hook is executed,screen shots taken
2021-Aug-28 11:13:45 AM [TestNG-PoolService-2] DEBUG stepdefs.Stepdefs - Each step hook is executed,screen shots taken
2021-Aug-28 11:13:45 AM [TestNG-PoolService-1] DEBUG stepdefs.Stepdefs - Each step hook is executed,screen shots taken
2021-Aug-28 11:13:46 AM [TestNG-PoolService-0] DEBUG stepdefs.Stepdefs - click on link and link name is :Bill Pay
2021-Aug-28 11:13:47 AM [TestNG-PoolService-0] DEBUG stepdefs.Stepdefs - Each step hook is executed,screen shots taken
2021-Aug-28 11:13:48 AM [TestNG-PoolService-9] DEBUG stepdefs.Stepdefs - click on link and link name is :Open New Account
2021-Aug-28 11:13:48 AM [TestNG-PoolService-1] DEBUG stepdefs.Stepdefs - click on link and link name is :Transfer Funds
2021-Aug-28 11:13:48 AM [TestNG-PoolService-9] DEBUG stepdefs.Stepdefs - Each step hook is executed,screen shots taken
2021-Aug-28 11:13:48 AM [TestNG-PoolService-1] DEBUG stepdefs.Stepdefs - Each step hook is executed,screen shots taken
2021-Aug-28 11:13:48 AM [TestNG-PoolService-0] DEBUG stepdefs.Stepdefs - Each step hook is executed,screen shots taken
2021-Aug-28 11:13:49 AM [TestNG-PoolService-2] DEBUG stepdefs.Stepdefs - Each step hook is executed,screen shots taken
2021-Aug-28 11:13:49 AM [TestNG-PoolService-0] DEBUG stepdefs.Stepdefs - Each step hook is executed,screen shots taken
2021-Aug-28 11:13:50 AM [TestNG-PoolService-0] DEBUG stepdefs.Stepdefs - Each step hook is executed,screen shots taken
2021-Aug-28 11:13:50 AM [TestNG-PoolService-0] DEBUG stepdefs.Stepdefs - Each step hook is executed,screen shots taken
2021-Aug-28 11:13:51 AM [TestNG-PoolService-0] DEBUG stepdefs.Stepdefs - Each step hook is executed,screen shots taken
2021-Aug-28 11:13:53 AM [TestNG-PoolService-0] DEBUG stepdefs.Stepdefs - Each step hook is executed,screen shots taken
2021-Aug-28 11:13:53 AM [TestNG-PoolService-9] DEBUG stepdefs.Stepdefs - Each step hook is executed,screen shots taken
2021-Aug-28 11:13:53 AM [TestNG-PoolService-0] DEBUG stepdefs.Stepdefs - Each step hook is executed,screen shots taken
2021-Aug-28 11:13:54 AM [TestNG-PoolService-1] DEBUG stepdefs.Stepdefs - Each step hook is executed,screen shots taken
2021-Aug-28 11:13:54 AM [TestNG-PoolService-1] DEBUG stepdefs.Stepdefs - Each step hook is executed,screen shots taken
2021-Aug-28 11:13:54 AM [TestNG-PoolService-1] DEBUG stepdefs.Stepdefs - Each step hook is executed,screen shots taken
2021-Aug-28 11:13:56 AM [TestNG-PoolService-1] DEBUG stepdefs.Stepdefs - Each step hook is executed,screen shots taken
2021-Aug-28 11:13:58 AM [TestNG-PoolService-0] DEBUG stepdefs.Stepdefs - Each step hook is executed,screen shots taken
2021-Aug-28 11:13:58 AM [TestNG-PoolService-9] DEBUG stepdefs.Stepdefs - Each step hook is executed,screen shots taken
2021-Aug-28 11:13:59 AM [TestNG-PoolService-9] DEBUG stepdefs.Stepdefs - Each step hook is executed,screen shots taken
2021-Aug-28 11:14:00 AM [TestNG-PoolService-9] DEBUG stepdefs.Stepdefs - Each step hook is executed,screen shots taken
